Arguments: 
  /usr/local/bin/node /usr/local/bin/yarn add bycrypt

PATH: 
  /Library/Frameworks/Python.framework/Versions/3.8/bin:/usr/local/bin:/usr/bin:/bin:/usr/sbin:/sbin:/Library/Apple/usr/bin:/Library/Frameworks/Python.framework/Versions/3.8/bin:/Users/sokheng_uchiha/Developer/flutter/bin:/Users/sokheng_uchiha/Developer/flutter/bin

Yarn version: 
  1.22.5

Node version: 
  12.18.1

Platform: 
  darwin x64

Trace: 
  Error: https://registry.yarnpkg.com/bycrypt: Not found
      at Request.params.callback [as _callback] (/usr/local/lib/node_modules/yarn/lib/cli.js:66988:18)
      at Request.self.callback (/usr/local/lib/node_modules/yarn/lib/cli.js:140662:22)
      at Request.emit (events.js:315:20)
      at Request.<anonymous> (/usr/local/lib/node_modules/yarn/lib/cli.js:141634:10)
      at Request.emit (events.js:315:20)
      at IncomingMessage.<anonymous> (/usr/local/lib/node_modules/yarn/lib/cli.js:141556:12)
      at Object.onceWrapper (events.js:421:28)
      at IncomingMessage.emit (events.js:327:22)
      at endReadableNT (_stream_readable.js:1221:12)
      at processTicksAndRejections (internal/process/task_queues.js:84:21)

npm manifest: 
  No manifest

yarn manifest: 
  No manifest

Lockfile: 
  No lockfile
